2018-08-22 14:33:14 - PHP Warning:  include(../checkout/qtutil/util.php) [<a href='function.include'>function.include</a>]: failed to open stream: No such file or directory in D:\phpStudy\WWW\shop\catalog\controller\payment\qt.php on line 3
2018-08-22 14:33:14 - PHP Warning:  include() [<a href='function.include'>function.include</a>]: Failed opening '../checkout/qtutil/util.php' for inclusion (include_path='.;C:\php\pear') in D:\phpStudy\WWW\shop\catalog\controller\payment\qt.php on line 3
2018-08-22 14:33:14 - PHP Notice:  Undefined offset: 1 in D:\phpStudy\WWW\shop\catalog\controller\payment\qt.php on line 36
2018-08-22 14:33:47 - PHP Warning:  include(../checkout/qtutil/util.php) [<a href='function.include'>function.include</a>]: failed to open stream: No such file or directory in D:\phpStudy\WWW\shop\catalog\controller\payment\qt.php on line 3
2018-08-22 14:33:47 - PHP Warning:  include() [<a href='function.include'>function.include</a>]: Failed opening '../checkout/qtutil/util.php' for inclusion (include_path='.;C:\php\pear') in D:\phpStudy\WWW\shop\catalog\controller\payment\qt.php on line 3
2018-08-22 14:36:11 - PHP Warning:  include(D:\phpStudy\WWW\shop\catalog\controller\payment../checkout/qtutil/util.php) [<a href='function.include'>function.include</a>]: failed to open stream: No such file or directory in D:\phpStudy\WWW\shop\catalog\controller\payment\qt.php on line 3
2018-08-22 14:36:11 - PHP Warning:  include() [<a href='function.include'>function.include</a>]: Failed opening 'D:\phpStudy\WWW\shop\catalog\controller\payment../checkout/qtutil/util.php' for inclusion (include_path='.;C:\php\pear') in D:\phpStudy\WWW\shop\catalog\controller\payment\qt.php on line 3
2018-08-22 14:41:00 - PHP Warning:  include(D:\phpStudy\WWW\shop\catalog\controller\payment..\checkout\qtutil\util.php) [<a href='function.include'>function.include</a>]: failed to open stream: No such file or directory in D:\phpStudy\WWW\shop\catalog\controller\payment\qt.php on line 3
2018-08-22 14:41:00 - PHP Warning:  include() [<a href='function.include'>function.include</a>]: Failed opening 'D:\phpStudy\WWW\shop\catalog\controller\payment..\checkout\qtutil\util.php' for inclusion (include_path='.;C:\php\pear') in D:\phpStudy\WWW\shop\catalog\controller\payment\qt.php on line 3
2018-08-22 14:41:01 - PHP Warning:  include(D:\phpStudy\WWW\shop\catalog\controller\payment..\checkout\qtutil\util.php) [<a href='function.include'>function.include</a>]: failed to open stream: No such file or directory in D:\phpStudy\WWW\shop\catalog\controller\payment\qt.php on line 3
2018-08-22 14:41:01 - PHP Warning:  include() [<a href='function.include'>function.include</a>]: Failed opening 'D:\phpStudy\WWW\shop\catalog\controller\payment..\checkout\qtutil\util.php' for inclusion (include_path='.;C:\php\pear') in D:\phpStudy\WWW\shop\catalog\controller\payment\qt.php on line 3
2018-08-22 14:47:30 - PHP Warning:  file_get_contents(./server_cert.cer) [<a href='function.file-get-contents'>function.file-get-contents</a>]: failed to open stream: No such file or directory in D:\phpStudy\WWW\shop\catalog\controller\checkout\qtutil\util.php on line 25
2018-08-22 14:47:30 - PHP Warning:  openssl_verify() [<a href='function.openssl-verify'>function.openssl-verify</a>]: supplied key param cannot be coerced into a public key in D:\phpStudy\WWW\shop\catalog\controller\checkout\qtutil\util.php on line 27
2018-08-22 14:47:30 - PHP Warning:  openssl_free_key() expects parameter 1 to be resource, boolean given in D:\phpStudy\WWW\shop\catalog\controller\checkout\qtutil\util.php on line 28
2018-08-22 14:50:49 - PHP Warning:  file_get_contents(./server_cert.cer) [<a href='function.file-get-contents'>function.file-get-contents</a>]: failed to open stream: No such file or directory in D:\phpStudy\WWW\shop\catalog\controller\checkout\qtutil\util.php on line 25
2018-08-22 14:50:49 - PHP Warning:  openssl_verify() [<a href='function.openssl-verify'>function.openssl-verify</a>]: supplied key param cannot be coerced into a public key in D:\phpStudy\WWW\shop\catalog\controller\checkout\qtutil\util.php on line 27
2018-08-22 14:50:49 - PHP Warning:  openssl_free_key() expects parameter 1 to be resource, boolean given in D:\phpStudy\WWW\shop\catalog\controller\checkout\qtutil\util.php on line 28
2018-08-22 14:51:36 - PHP Warning:  file_get_contents(./server_cert.cer) [<a href='function.file-get-contents'>function.file-get-contents</a>]: failed to open stream: No such file or directory in D:\phpStudy\WWW\shop\catalog\controller\checkout\qtutil\util.php on line 25
2018-08-22 14:51:36 - PHP Warning:  openssl_verify() [<a href='function.openssl-verify'>function.openssl-verify</a>]: supplied key param cannot be coerced into a public key in D:\phpStudy\WWW\shop\catalog\controller\checkout\qtutil\util.php on line 27
2018-08-22 14:51:36 - PHP Warning:  openssl_free_key() expects parameter 1 to be resource, boolean given in D:\phpStudy\WWW\shop\catalog\controller\checkout\qtutil\util.php on line 28
2018-08-22 14:52:44 - PHP Warning:  file_get_contents(./server_cert.cer) [<a href='function.file-get-contents'>function.file-get-contents</a>]: failed to open stream: No such file or directory in D:\phpStudy\WWW\shop\catalog\controller\checkout\qtutil\util.php on line 25
2018-08-22 14:52:44 - PHP Warning:  openssl_verify() [<a href='function.openssl-verify'>function.openssl-verify</a>]: supplied key param cannot be coerced into a public key in D:\phpStudy\WWW\shop\catalog\controller\checkout\qtutil\util.php on line 27
2018-08-22 14:52:44 - PHP Warning:  openssl_free_key() expects parameter 1 to be resource, boolean given in D:\phpStudy\WWW\shop\catalog\controller\checkout\qtutil\util.php on line 28
2018-08-22 14:55:10 - PHP Warning:  file_get_contents(./server_cert.cer) [<a href='function.file-get-contents'>function.file-get-contents</a>]: failed to open stream: No such file or directory in D:\phpStudy\WWW\shop\catalog\controller\checkout\qtutil\util.php on line 25
2018-08-22 14:55:10 - PHP Warning:  openssl_verify() [<a href='function.openssl-verify'>function.openssl-verify</a>]: supplied key param cannot be coerced into a public key in D:\phpStudy\WWW\shop\catalog\controller\checkout\qtutil\util.php on line 27
2018-08-22 14:55:10 - PHP Warning:  openssl_free_key() expects parameter 1 to be resource, boolean given in D:\phpStudy\WWW\shop\catalog\controller\checkout\qtutil\util.php on line 28
2018-08-22 14:55:10 - PHP Warning:  fwrite(): 65 is not a valid stream resource in D:\phpStudy\WWW\shop\catalog\controller\payment\qt.php on line 45
2018-08-22 14:55:10 - PHP Warning:  fclose(): 65 is not a valid stream resource in D:\phpStudy\WWW\shop\catalog\controller\payment\qt.php on line 46
2018-08-22 15:01:04 - PHP Warning:  include(D:\phpStudy\WWW\shop\catalog\controller\..\checkout\qtutil\util.php) [<a href='function.include'>function.include</a>]: failed to open stream: No such file or directory in D:\phpStudy\WWW\shop\catalog\controller\payment\qt.php on line 3
2018-08-22 15:01:04 - PHP Warning:  include() [<a href='function.include'>function.include</a>]: Failed opening 'D:\phpStudy\WWW\shop\catalog\controller\..\checkout\qtutil\util.php' for inclusion (include_path='.;C:\php\pear') in D:\phpStudy\WWW\shop\catalog\controller\payment\qt.php on line 3
2018-08-22 15:01:04 - PHP Notice:  Undefined offset: 1 in D:\phpStudy\WWW\shop\catalog\controller\payment\qt.php on line 38
2018-08-22 15:01:27 - PHP Notice:  Undefined offset: 1 in D:\phpStudy\WWW\shop\catalog\controller\payment\qt.php on line 38
2018-08-22 15:08:00 - PHP Warning:  mail() [<a href='function.mail'>function.mail</a>]: Failed to connect to mailserver at &quot;localhost&quot; port 25, verify your &quot;SMTP&quot; and &quot;smtp_port&quot; setting in php.ini or use ini_set() in D:\phpStudy\WWW\shop\system\library\mail.php on line 158
2018-08-22 15:18:26 - PHP Warning:  mail() [<a href='function.mail'>function.mail</a>]: Failed to connect to mailserver at &quot;localhost&quot; port 25, verify your &quot;SMTP&quot; and &quot;smtp_port&quot; setting in php.ini or use ini_set() in D:\phpStudy\WWW\shop\system\library\mail.php on line 158
2018-08-22 17:16:50 - PHP Notice:  Undefined index: qte in D:\phpStudy\WWW\shop\catalog\controller\payment\qt.php on line 17
2018-08-22 17:18:21 - PHP Notice:  Undefined index: qte in D:\phpStudy\WWW\shop\catalog\controller\payment\qt.php on line 17
2018-08-22 17:18:22 - PHP Notice:  Undefined variable: msg_out in D:\phpStudy\WWW\shop\catalog\controller\checkout\qtpay.php on line 104
2018-08-22 17:19:47 - PHP Notice:  Undefined variable: msg_out in D:\phpStudy\WWW\shop\catalog\controller\checkout\qtpay.php on line 104
2018-08-22 17:22:00 - PHP Notice:  Undefined index: qte in D:\phpStudy\WWW\shop\catalog\controller\payment\qt.php on line 17
2018-08-22 17:22:01 - PHP Notice:  Undefined variable: msg_out in D:\phpStudy\WWW\shop\catalog\controller\checkout\qtpay.php on line 104
2018-08-22 17:22:01 - PHP Notice:  Undefined index: order_id in D:\phpStudy\WWW\shop\catalog\controller\checkout\qtpay.php on line 58
2018-08-22 17:24:37 - PHP Notice:  Undefined variable: msg_out in D:\phpStudy\WWW\shop\catalog\controller\checkout\qtpay.php on line 104
2018-08-22 17:28:02 - PHP Notice:  Undefined index: qte in D:\phpStudy\WWW\shop\catalog\controller\payment\qt.php on line 17
2018-08-22 17:28:03 - PHP Notice:  Undefined variable: msg_out in D:\phpStudy\WWW\shop\catalog\controller\checkout\qtpay.php on line 104
2018-08-23 20:47:57 - PHP Notice:  Undefined variable: msg_out in D:\phpStudy\WWW\shop\catalog\controller\checkout\qtpay.php on line 108
2018-08-23 21:05:32 - PHP Notice:  Undefined variable: msg_out in D:\phpStudy\WWW\shop\catalog\controller\checkout\qtpay.php on line 109
2018-08-23 21:16:19 - PHP Notice:  Undefined offset: 1 in D:\phpStudy\WWW\shop\catalog\controller\payment\qt.php on line 39
2018-08-23 21:49:36 - PHP Notice:  Undefined variable: msg_out in D:\phpStudy\WWW\shop\catalog\controller\checkout\qtpay.php on line 110
2018-08-24 8:31:11 - PHP Warning:  mail() [<a href='function.mail'>function.mail</a>]: Failed to connect to mailserver at &quot;localhost&quot; port 25, verify your &quot;SMTP&quot; and &quot;smtp_port&quot; setting in php.ini or use ini_set() in D:\phpStudy\WWW\shop\system\library\mail.php on line 158
2018-08-24 8:43:07 - PHP Notice:  Undefined variable: msg_out in D:\phpStudy\WWW\shop\catalog\controller\checkout\qtpay.php on line 154
2018-08-24 14:15:00 - PHP Warning:  mail() [<a href='function.mail'>function.mail</a>]: Failed to connect to mailserver at &quot;localhost&quot; port 25, verify your &quot;SMTP&quot; and &quot;smtp_port&quot; setting in php.ini or use ini_set() in D:\phpStudy\WWW\shop\system\library\mail.php on line 158
2018-08-24 15:47:29 - PHP Warning:  mail() [<a href='function.mail'>function.mail</a>]: Failed to connect to mailserver at &quot;localhost&quot; port 25, verify your &quot;SMTP&quot; and &quot;smtp_port&quot; setting in php.ini or use ini_set() in D:\phpStudy\WWW\shop\system\library\mail.php on line 158
2018-08-27 15:05:29 - PHP Warning:  mail() [<a href='function.mail'>function.mail</a>]: Failed to connect to mailserver at &quot;localhost&quot; port 25, verify your &quot;SMTP&quot; and &quot;smtp_port&quot; setting in php.ini or use ini_set() in D:\phpStudy\WWW\shop\system\library\mail.php on line 158
2018-08-27 15:14:50 - PHP Warning:  mail() [<a href='function.mail'>function.mail</a>]: Failed to connect to mailserver at &quot;localhost&quot; port 25, verify your &quot;SMTP&quot; and &quot;smtp_port&quot; setting in php.ini or use ini_set() in D:\phpStudy\WWW\shop\system\library\mail.php on line 158
2018-08-27 15:31:55 - PHP Warning:  mail() [<a href='function.mail'>function.mail</a>]: Failed to connect to mailserver at &quot;localhost&quot; port 25, verify your &quot;SMTP&quot; and &quot;smtp_port&quot; setting in php.ini or use ini_set() in D:\phpStudy\WWW\shop\system\library\mail.php on line 158
2018-08-27 16:34:14 - PHP Warning:  mail() [<a href='function.mail'>function.mail</a>]: Failed to connect to mailserver at &quot;localhost&quot; port 25, verify your &quot;SMTP&quot; and &quot;smtp_port&quot; setting in php.ini or use ini_set() in D:\phpStudy\WWW\shop\system\library\mail.php on line 158
2018-08-27 16:43:36 - PHP Warning:  mail() [<a href='function.mail'>function.mail</a>]: Failed to connect to mailserver at &quot;localhost&quot; port 25, verify your &quot;SMTP&quot; and &quot;smtp_port&quot; setting in php.ini or use ini_set() in D:\phpStudy\WWW\shop\system\library\mail.php on line 158
2018-08-27 16:59:51 - PHP Warning:  mail() [<a href='function.mail'>function.mail</a>]: Failed to connect to mailserver at &quot;localhost&quot; port 25, verify your &quot;SMTP&quot; and &quot;smtp_port&quot; setting in php.ini or use ini_set() in D:\phpStudy\WWW\shop\system\library\mail.php on line 158
2018-08-27 17:07:17 - PHP Warning:  mail() [<a href='function.mail'>function.mail</a>]: Failed to connect to mailserver at &quot;localhost&quot; port 25, verify your &quot;SMTP&quot; and &quot;smtp_port&quot; setting in php.ini or use ini_set() in D:\phpStudy\WWW\shop\system\library\mail.php on line 158
2018-08-31 11:17:04 - PHP Warning:  mail() [<a href='function.mail'>function.mail</a>]: Failed to connect to mailserver at &quot;localhost&quot; port 25, verify your &quot;SMTP&quot; and &quot;smtp_port&quot; setting in php.ini or use ini_set() in D:\phpStudy\WWW\shop\system\library\mail.php on line 158
2018-08-31 13:59:55 - PHP Warning:  mail() [<a href='function.mail'>function.mail</a>]: Failed to connect to mailserver at &quot;localhost&quot; port 25, verify your &quot;SMTP&quot; and &quot;smtp_port&quot; setting in php.ini or use ini_set() in D:\phpStudy\WWW\shop\system\library\mail.php on line 158
2018-08-31 13:59:56 - PHP Warning:  include(D:\phpStudy\WWW\shop\catalog\controllercheckout/qtutil/util.php) [<a href='function.include'>function.include</a>]: failed to open stream: No such file or directory in D:\phpStudy\WWW\shop\catalog\controller\checkout\qtpay.php on line 3
2018-08-31 13:59:56 - PHP Warning:  include() [<a href='function.include'>function.include</a>]: Failed opening 'D:\phpStudy\WWW\shop\catalog\controllercheckout/qtutil/util.php' for inclusion (include_path='.;C:\php\pear') in D:\phpStudy\WWW\shop\catalog\controller\checkout\qtpay.php on line 3
2018-08-31 14:01:05 - PHP Warning:  include(D:\phpStudy\WWW\shop\catalog\controllercheckout/qtutil/util.php) [<a href='function.include'>function.include</a>]: failed to open stream: No such file or directory in D:\phpStudy\WWW\shop\catalog\controller\checkout\qtpay.php on line 3
2018-08-31 14:01:05 - PHP Warning:  include() [<a href='function.include'>function.include</a>]: Failed opening 'D:\phpStudy\WWW\shop\catalog\controllercheckout/qtutil/util.php' for inclusion (include_path='.;C:\php\pear') in D:\phpStudy\WWW\shop\catalog\controller\checkout\qtpay.php on line 3
2018-08-31 14:02:27 - PHP Warning:  include(D:\phpStudy\WWW\shop\catalog\controllercheckout/qtutil/util.php) [<a href='function.include'>function.include</a>]: failed to open stream: No such file or directory in D:\phpStudy\WWW\shop\catalog\controller\checkout\qtpay.php on line 3
2018-08-31 14:02:27 - PHP Warning:  include() [<a href='function.include'>function.include</a>]: Failed opening 'D:\phpStudy\WWW\shop\catalog\controllercheckout/qtutil/util.php' for inclusion (include_path='.;C:\php\pear') in D:\phpStudy\WWW\shop\catalog\controller\checkout\qtpay.php on line 3
2018-08-31 14:03:03 - PHP Warning:  include(D:\phpStudy\WWW\shop\catalog\controllercheckout/qtutil/util.php) [<a href='function.include'>function.include</a>]: failed to open stream: No such file or directory in D:\phpStudy\WWW\shop\catalog\controller\checkout\qtpay.php on line 3
2018-08-31 14:03:03 - PHP Warning:  include() [<a href='function.include'>function.include</a>]: Failed opening 'D:\phpStudy\WWW\shop\catalog\controllercheckout/qtutil/util.php' for inclusion (include_path='.;C:\php\pear') in D:\phpStudy\WWW\shop\catalog\controller\checkout\qtpay.php on line 3
2018-08-31 14:03:16 - PHP Warning:  include(D:\phpStudy\WWW\shop\catalog\controllercheckout/qtutil/util.php) [<a href='function.include'>function.include</a>]: failed to open stream: No such file or directory in D:\phpStudy\WWW\shop\catalog\controller\checkout\qtpay.php on line 3
2018-08-31 14:03:16 - PHP Warning:  include() [<a href='function.include'>function.include</a>]: Failed opening 'D:\phpStudy\WWW\shop\catalog\controllercheckout/qtutil/util.php' for inclusion (include_path='.;C:\php\pear') in D:\phpStudy\WWW\shop\catalog\controller\checkout\qtpay.php on line 3
2018-08-31 14:06:19 - PHP Warning:  mail() [<a href='function.mail'>function.mail</a>]: Failed to connect to mailserver at &quot;localhost&quot; port 25, verify your &quot;SMTP&quot; and &quot;smtp_port&quot; setting in php.ini or use ini_set() in D:\phpStudy\WWW\shop\system\library\mail.php on line 158
2018-08-31 14:09:30 - PHP Warning:  mail() [<a href='function.mail'>function.mail</a>]: Failed to connect to mailserver at &quot;localhost&quot; port 25, verify your &quot;SMTP&quot; and &quot;smtp_port&quot; setting in php.ini or use ini_set() in D:\phpStudy\WWW\shop\system\library\mail.php on line 158
2018-08-31 14:09:31 - PHP Notice:  Undefined index: $gateway_url in D:\phpStudy\WWW\shop\catalog\controller\checkout\qtpay.php on line 76
2018-08-31 14:13:11 - PHP Warning:  mail() [<a href='function.mail'>function.mail</a>]: Failed to connect to mailserver at &quot;localhost&quot; port 25, verify your &quot;SMTP&quot; and &quot;smtp_port&quot; setting in php.ini or use ini_set() in D:\phpStudy\WWW\shop\system\library\mail.php on line 158
2018-08-31 14:13:12 - PHP Notice:  Undefined index: $gateway_url in D:\phpStudy\WWW\shop\catalog\controller\checkout\qtpay.php on line 77
2018-08-31 14:16:25 - PHP Warning:  mail() [<a href='function.mail'>function.mail</a>]: Failed to connect to mailserver at &quot;localhost&quot; port 25, verify your &quot;SMTP&quot; and &quot;smtp_port&quot; setting in php.ini or use ini_set() in D:\phpStudy\WWW\shop\system\library\mail.php on line 158
2018-08-31 14:24:32 - PHP Notice:  Undefined variable: msg in D:\phpStudy\WWW\shop\catalog\controller\checkout\qtpay.php on line 96
2018-08-31 14:30:53 - PHP Warning:  mail() [<a href='function.mail'>function.mail</a>]: Failed to connect to mailserver at &quot;localhost&quot; port 25, verify your &quot;SMTP&quot; and &quot;smtp_port&quot; setting in php.ini or use ini_set() in D:\phpStudy\WWW\shop\system\library\mail.php on line 158
2018-08-31 14:30:54 - 请求url：<div style="text-align:center"><body onLoad="document.ipspay.submit();">网银订单确认<form name="ipspay" action="" method="post"><input name="msg" type="hidden" value="PD94bWwgdmVyc2lvbj0iMS4wIiBlbmNvZGluZz0idXRmLTgiIHN0YW5kYWxvbmU9Im5vIj8+DQoJCQkJPG1lc3NhZ2UgYWNjb3VudFR5cGU9IjAiIGFwcGxpY2F0aW9uPSJTdWJtaXRPcmRlciIgYmFua0lkPSIiIGJpelR5cGU9IiIgY3JlZGVudGlhbE5vPSIiIGNyZWRlbnRpYWxUeXBlPSIiIGd1YXJhbnRlZUFtdD0iMCIgDQoJCQkJbWVyY2hhbnRGcm9udEVuZFVybD0iaHR0cHM6Ly8xMjcuMC4wLjE6ODQ0My9wYXktaW50ZXJmYWNlL29yZGVyX3JlcXVlc3QuanNwIg0KCQkJCW1lcmNoYW50SWQ9IiIgbWVyY2hhbnRPcmRlckFtdD0iMTA2MDAiIG1lcmNoYW50T3JkZXJEZXNjPSJvbmxpbmUgcGF5IiBtZXJjaGFudE9yZGVySWQ9IjEwMDAwMTE2NTgiIA0KCQkJCW1lcmNoYW50UGF5Tm90aWZ5VXJsPSIiIG1zZ0V4dD0iIiBvcmRlclRpbWU9IjIwMTgwODMxMTQzMDU0IiBwYXlNb2RlPSIwIiANCgkJCQlwYXllcklkPSIiIHJwdFR5cGU9IjEiIHNhbGVySWQ9IiIgdXNlck1vYmlsZU5vPSIxMzMzMzMzMzMzMyIgdXNlck5hbWU9IiIgdXNlclR5cGU9IjEiIHZlcnNpb249IjEuMC4xIi8+|" /><input type="submit" value="提交"/></form></div>
2018-08-31 14:32:10 - PHP Warning:  mail() [<a href='function.mail'>function.mail</a>]: Failed to connect to mailserver at &quot;localhost&quot; port 25, verify your &quot;SMTP&quot; and &quot;smtp_port&quot; setting in php.ini or use ini_set() in D:\phpStudy\WWW\shop\system\library\mail.php on line 158
2018-08-31 14:32:11 - 请求url：<div style="text-align:center"><body >网银订单确认<form name="ipspay" action="" method="post"><input name="msg" type="hidden" value="PD94bWwgdmVyc2lvbj0iMS4wIiBlbmNvZGluZz0idXRmLTgiIHN0YW5kYWxvbmU9Im5vIj8+DQoJCQkJPG1lc3NhZ2UgYWNjb3VudFR5cGU9IjAiIGFwcGxpY2F0aW9uPSJTdWJtaXRPcmRlciIgYmFua0lkPSIiIGJpelR5cGU9IiIgY3JlZGVudGlhbE5vPSIiIGNyZWRlbnRpYWxUeXBlPSIiIGd1YXJhbnRlZUFtdD0iMCIgDQoJCQkJbWVyY2hhbnRGcm9udEVuZFVybD0iaHR0cHM6Ly8xMjcuMC4wLjE6ODQ0My9wYXktaW50ZXJmYWNlL29yZGVyX3JlcXVlc3QuanNwIg0KCQkJCW1lcmNoYW50SWQ9IiIgbWVyY2hhbnRPcmRlckFtdD0iMTA2MDAiIG1lcmNoYW50T3JkZXJEZXNjPSJvbmxpbmUgcGF5IiBtZXJjaGFudE9yZGVySWQ9IjEwMDAwMTE2NTkiIA0KCQkJCW1lcmNoYW50UGF5Tm90aWZ5VXJsPSIiIG1zZ0V4dD0iIiBvcmRlclRpbWU9IjIwMTgwODMxMTQzMjExIiBwYXlNb2RlPSIwIiANCgkJCQlwYXllcklkPSIiIHJwdFR5cGU9IjEiIHNhbGVySWQ9IiIgdXNlck1vYmlsZU5vPSIxMzMzMzMzMzMzMyIgdXNlck5hbWU9IiIgdXNlclR5cGU9IjEiIHZlcnNpb249IjEuMC4xIi8+|" /><input type="submit" value="提交"/></form></div>
2018-08-31 14:34:04 - PHP Notice:  Undefined variable: msg_out in D:\phpStudy\WWW\shop\catalog\controller\checkout\qtpay.php on line 108
2018-08-31 14:35:13 - PHP Warning:  mail() [<a href='function.mail'>function.mail</a>]: Failed to connect to mailserver at &quot;localhost&quot; port 25, verify your &quot;SMTP&quot; and &quot;smtp_port&quot; setting in php.ini or use ini_set() in D:\phpStudy\WWW\shop\system\library\mail.php on line 158
2018-08-31 14:35:14 - PHP Notice:  Undefined variable: msg_out in D:\phpStudy\WWW\shop\catalog\controller\checkout\qtpay.php on line 108
2018-08-31 14:43:17 - PHP Warning:  mail() [<a href='function.mail'>function.mail</a>]: Failed to connect to mailserver at &quot;localhost&quot; port 25, verify your &quot;SMTP&quot; and &quot;smtp_port&quot; setting in php.ini or use ini_set() in D:\phpStudy\WWW\shop\system\library\mail.php on line 158
2018-08-31 14:46:48 - PHP Warning:  mail() [<a href='function.mail'>function.mail</a>]: Failed to connect to mailserver at &quot;localhost&quot; port 25, verify your &quot;SMTP&quot; and &quot;smtp_port&quot; setting in php.ini or use ini_set() in D:\phpStudy\WWW\shop\system\library\mail.php on line 158
2018-08-31 14:49:10 - PHP Warning:  mail() [<a href='function.mail'>function.mail</a>]: Failed to connect to mailserver at &quot;localhost&quot; port 25, verify your &quot;SMTP&quot; and &quot;smtp_port&quot; setting in php.ini or use ini_set() in D:\phpStudy\WWW\shop\system\library\mail.php on line 158
2018-08-31 14:49:11 - PHP Notice:  Undefined index: $merchant_cert_password in D:\phpStudy\WWW\shop\catalog\controller\checkout\qtutil\util.php on line 33
2018-08-31 14:52:48 - PHP Warning:  mail() [<a href='function.mail'>function.mail</a>]: Failed to connect to mailserver at &quot;localhost&quot; port 25, verify your &quot;SMTP&quot; and &quot;smtp_port&quot; setting in php.ini or use ini_set() in D:\phpStudy\WWW\shop\system\library\mail.php on line 158
2018-08-31 14:56:59 - PHP Warning:  mail() [<a href='function.mail'>function.mail</a>]: Failed to connect to mailserver at &quot;localhost&quot; port 25, verify your &quot;SMTP&quot; and &quot;smtp_port&quot; setting in php.ini or use ini_set() in D:\phpStudy\WWW\shop\system\library\mail.php on line 158
2018-08-31 15:00:46 - PHP Warning:  mail() [<a href='function.mail'>function.mail</a>]: Failed to connect to mailserver at &quot;localhost&quot; port 25, verify your &quot;SMTP&quot; and &quot;smtp_port&quot; setting in php.ini or use ini_set() in D:\phpStudy\WWW\shop\system\library\mail.php on line 158
2018-08-31 15:02:22 - PHP Warning:  mail() [<a href='function.mail'>function.mail</a>]: Failed to connect to mailserver at &quot;localhost&quot; port 25, verify your &quot;SMTP&quot; and &quot;smtp_port&quot; setting in php.ini or use ini_set() in D:\phpStudy\WWW\shop\system\library\mail.php on line 158
2018-08-31 15:10:34 - PHP Notice:  Undefined variable: qt_express_failed_status_id in D:\phpStudy\WWW\shop\admin\view\template\payment\qt.tpl on line 53
2018-08-31 15:10:34 - PHP Notice:  Undefined variable: qt_express_failed_status_id in D:\phpStudy\WWW\shop\admin\view\template\payment\qt.tpl on line 53
2018-08-31 15:10:34 - PHP Notice:  Undefined variable: qt_express_failed_status_id in D:\phpStudy\WWW\shop\admin\view\template\payment\qt.tpl on line 53
2018-08-31 15:10:34 - PHP Notice:  Undefined variable: qt_express_failed_status_id in D:\phpStudy\WWW\shop\admin\view\template\payment\qt.tpl on line 53
2018-08-31 15:10:34 - PHP Notice:  Undefined variable: qt_express_failed_status_id in D:\phpStudy\WWW\shop\admin\view\template\payment\qt.tpl on line 53
2018-08-31 15:10:34 - PHP Notice:  Undefined variable: qt_express_failed_status_id in D:\phpStudy\WWW\shop\admin\view\template\payment\qt.tpl on line 53
2018-08-31 15:10:34 - PHP Notice:  Undefined variable: qt_express_failed_status_id in D:\phpStudy\WWW\shop\admin\view\template\payment\qt.tpl on line 53
2018-08-31 15:10:34 - PHP Notice:  Undefined variable: qt_express_failed_status_id in D:\phpStudy\WWW\shop\admin\view\template\payment\qt.tpl on line 53
2018-08-31 15:10:34 - PHP Notice:  Undefined variable: qt_express_failed_status_id in D:\phpStudy\WWW\shop\admin\view\template\payment\qt.tpl on line 53
2018-08-31 15:10:34 - PHP Notice:  Undefined variable: qt_express_failed_status_id in D:\phpStudy\WWW\shop\admin\view\template\payment\qt.tpl on line 53
2018-08-31 15:10:34 - PHP Notice:  Undefined variable: qt_express_failed_status_id in D:\phpStudy\WWW\shop\admin\view\template\payment\qt.tpl on line 53
2018-08-31 15:10:34 - PHP Notice:  Undefined variable: qt_express_failed_status_id in D:\phpStudy\WWW\shop\admin\view\template\payment\qt.tpl on line 53
2018-08-31 15:10:34 - PHP Notice:  Undefined variable: qt_express_failed_status_id in D:\phpStudy\WWW\shop\admin\view\template\payment\qt.tpl on line 53
2018-08-31 15:10:34 - PHP Notice:  Undefined variable: qt_express_failed_status_id in D:\phpStudy\WWW\shop\admin\view\template\payment\qt.tpl on line 53
